<?xml version="1.0" encoding="UTF-8"?>
<!-- Generated by org.testng.reporters.JUnitReportReporter -->
<testsuite hostname="Tor_IT_22" failures="0" tests="1" name="Tests_Delete" time="2.270" errors="0" timestamp="2020-11-06T01:04:56 EST" skipped="0">
  <testcase classname="Tests_Delete" name="test_1_delete" time="2.270"/>
  <system-out/>
</testsuite> <!-- Tests_Delete -->
