<?xml version="1.0" encoding="UTF-8"?>
<!-- Generated by org.testng.reporters.JUnitReportReporter -->
<testsuite hostname="Tor_IT_22" failures="0" tests="3" name="Test01_GET" time="3.079" errors="0" timestamp="2020-11-06T00:04:00 EST" skipped="0">
  <testcase classname="Test01_GET" name="Test_01" time="1.963"/>
  <system-out/>
  <testcase classname="Test01_GET" name="test_03" time="0.936"/>
  <system-out/>
  <testcase classname="Test01_GET" name="test_02" time="0.180"/>
  <system-out/>
</testsuite> <!-- Test01_GET -->
