<?xml version="1.0" encoding="UTF-8"?>
<!-- Generated by org.testng.reporters.JUnitReportReporter -->
<testsuite hostname="Tor_IT_22" failures="0" tests="1" name="Tests_PATCH" time="2.587" errors="0" timestamp="2020-11-06T00:59:15 EST" skipped="0">
  <testcase classname="Tests_PATCH" name="test_1_patch" time="2.587"/>
  <system-out/>
</testsuite> <!-- Tests_PATCH -->
