<?xml version="1.0" encoding="UTF-8"?>
<!-- Generated by org.testng.reporters.JUnitReportReporter -->
<testsuite hostname="Tor_IT_22" failures="0" tests="1" name="Tests_PUT" time="2.335" errors="0" timestamp="2020-11-06T00:57:26 EST" skipped="0">
  <testcase classname="Tests_PUT" name="test_1_put" time="2.335"/>
  <system-out/>
</testsuite> <!-- Tests_PUT -->
